2023-02-07 18:23:46,037 [main] INFO  c.scribassu.tracto.TractoApplication - Starting TractoApplication using Java 11.0.7 on LAPTOP-90L1TJ6T with PID 7552 (C:\bagpack\aprojects\scribassu\tracto\target\classes started by Dzeru in C:\bagpack\aprojects\scribassu\tracto)
2023-02-07 18:23:46,037 [main] INFO  c.scribassu.tracto.TractoApplication - The following profiles are active: dev
2023-02-07 18:23:47,029 [main] INFO  o.s.d.r.c.RepositoryConfigurationDelegate - Bootstrapping Spring Data JPA repositories in DEFAULT mode.
2023-02-07 18:23:47,310 [main] INFO  o.s.d.r.c.RepositoryConfigurationDelegate - Finished Spring Data repository scanning in 259 ms. Found 12 JPA repository interfaces.
2023-02-07 18:23:48,994 [main] INFO  o.s.b.w.e.tomcat.TomcatWebServer - Tomcat initialized with port(s): 9001 (http)
2023-02-07 18:23:49,009 [main] INFO  o.a.coyote.http11.Http11NioProtocol - Initializing ProtocolHandler ["http-nio-9001"]
2023-02-07 18:23:49,009 [main] INFO  o.a.catalina.core.StandardService - Starting service [Tomcat]
2023-02-07 18:23:49,009 [main] INFO  o.a.catalina.core.StandardEngine - Starting Servlet engine: [Apache Tomcat/9.0.46]
2023-02-07 18:23:49,197 [main] INFO  o.a.c.c.C.[.[localhost].[/api] - Initializing Spring embedded WebApplicationContext
2023-02-07 18:23:49,197 [main] INFO  o.s.b.w.s.c.ServletWebServerApplicationContext - Root WebApplicationContext: initialization completed in 3097 ms
2023-02-07 18:23:49,498 [main] INFO  com.zaxxer.hikari.HikariDataSource - HikariPool-1 - Starting...
2023-02-07 18:23:49,842 [main] INFO  com.zaxxer.hikari.HikariDataSource - HikariPool-1 - Start completed.
2023-02-07 18:23:50,014 [main] INFO  o.h.jpa.internal.util.LogHelper - HHH000204: Processing PersistenceUnitInfo [name: default]
2023-02-07 18:23:50,152 [main] INFO  org.hibernate.Version - HHH000412: Hibernate ORM core version 5.4.32.Final
2023-02-07 18:23:50,375 [main] INFO  o.h.annotations.common.Version - HCANN000001: Hibernate Commons Annotations {5.1.2.Final}
2023-02-07 18:23:50,563 [main] INFO  org.hibernate.dialect.Dialect - HHH000400: Using dialect: org.hibernate.dialect.MySQL5Dialect
2023-02-07 18:23:52,958 [main] INFO  o.h.e.t.j.p.i.JtaPlatformInitiator - HHH000490: Using JtaPlatform implementation: [org.hibernate.engine.transaction.jta.platform.internal.NoJtaPlatform]
2023-02-07 18:23:52,974 [main] INFO  o.s.o.j.LocalContainerEntityManagerFactoryBean - Initialized JPA EntityManagerFactory for persistence unit 'default'
2023-02-07 18:23:52,974 [main] WARN  o.s.b.w.s.c.AnnotationConfigServletWebServerApplicationContext - Exception encountered during context initialization - cancelling refresh attempt: org.springframework.beans.factory.UnsatisfiedDependencyException: Error creating bean with name 'webClientConfiguration' defined in file [C:\bagpack\aprojects\scribassu\tracto\target\classes\com\scribassu\tracto\configuration\WebClientConfiguration.class]: Unsatisfied dependency expressed through constructor parameter 0; nested exception is org.springframework.boot.context.properties.ConfigurationPropertiesBindException: Error creating bean with name 'tracto.download-schedule-com.scribassu.tracto.properties.DownloadScheduleProperties': Could not bind properties to 'DownloadScheduleProperties' : prefix=tracto.download-schedule, ignoreInvalidFields=false, ignoreUnknownFields=true; nested exception is org.springframework.boot.context.properties.bind.BindException: Failed to bind properties under 'tracto.download-schedule' to com.scribassu.tracto.properties.DownloadScheduleProperties
2023-02-07 18:23:52,974 [main] INFO  o.s.o.j.LocalContainerEntityManagerFactoryBean - Closing JPA EntityManagerFactory for persistence unit 'default'
2023-02-07 18:23:52,989 [main] INFO  com.zaxxer.hikari.HikariDataSource - HikariPool-1 - Shutdown initiated...
2023-02-07 18:23:52,989 [main] INFO  com.zaxxer.hikari.HikariDataSource - HikariPool-1 - Shutdown completed.
2023-02-07 18:23:52,989 [main] INFO  o.a.catalina.core.StandardService - Stopping service [Tomcat]
2023-02-07 18:23:53,020 [main] INFO  o.s.b.a.l.ConditionEvaluationReportLoggingListener - 

Error starting ApplicationContext. To display the conditions report re-run your application with 'debug' enabled.
2023-02-07 18:23:53,036 [main] ERROR o.s.b.d.LoggingFailureAnalysisReporter - 

***************************
APPLICATION FAILED TO START
***************************

Description:

Failed to bind properties under 'tracto.download-schedule' to com.scribassu.tracto.properties.DownloadScheduleProperties:

    Property: tracto.download-schedule.base-url
    Value: https://www.sgu.ru
    Origin: class path resource [application-dev.yml] - 21:15
    Reason: No setter found for property: base-url

Action:

Update your application's configuration

2023-02-07 18:28:36,232 [main] INFO  c.scribassu.tracto.TractoApplication - Starting TractoApplication using Java 11.0.7 on LAPTOP-90L1TJ6T with PID 11576 (C:\bagpack\aprojects\scribassu\tracto\target\classes started by Dzeru in C:\bagpack\aprojects\scribassu\tracto)
2023-02-07 18:28:36,248 [main] INFO  c.scribassu.tracto.TractoApplication - The following profiles are active: dev
2023-02-07 18:28:37,216 [main] INFO  o.s.d.r.c.RepositoryConfigurationDelegate - Bootstrapping Spring Data JPA repositories in DEFAULT mode.
2023-02-07 18:28:37,454 [main] INFO  o.s.d.r.c.RepositoryConfigurationDelegate - Finished Spring Data repository scanning in 223 ms. Found 12 JPA repository interfaces.
2023-02-07 18:28:39,098 [main] INFO  o.s.b.w.e.tomcat.TomcatWebServer - Tomcat initialized with port(s): 9001 (http)
2023-02-07 18:28:39,114 [main] INFO  o.a.coyote.http11.Http11NioProtocol - Initializing ProtocolHandler ["http-nio-9001"]
2023-02-07 18:28:39,114 [main] INFO  o.a.catalina.core.StandardService - Starting service [Tomcat]
2023-02-07 18:28:39,114 [main] INFO  o.a.catalina.core.StandardEngine - Starting Servlet engine: [Apache Tomcat/9.0.46]
2023-02-07 18:28:39,270 [main] INFO  o.a.c.c.C.[.[localhost].[/api] - Initializing Spring embedded WebApplicationContext
2023-02-07 18:28:39,270 [main] INFO  o.s.b.w.s.c.ServletWebServerApplicationContext - Root WebApplicationContext: initialization completed in 2960 ms
2023-02-07 18:28:39,567 [main] INFO  com.zaxxer.hikari.HikariDataSource - HikariPool-1 - Starting...
2023-02-07 18:28:39,801 [main] INFO  com.zaxxer.hikari.HikariDataSource - HikariPool-1 - Start completed.
2023-02-07 18:28:39,973 [main] INFO  o.h.jpa.internal.util.LogHelper - HHH000204: Processing PersistenceUnitInfo [name: default]
2023-02-07 18:28:40,051 [main] INFO  org.hibernate.Version - HHH000412: Hibernate ORM core version 5.4.32.Final
2023-02-07 18:28:40,239 [main] INFO  o.h.annotations.common.Version - HCANN000001: Hibernate Commons Annotations {5.1.2.Final}
2023-02-07 18:28:40,395 [main] INFO  org.hibernate.dialect.Dialect - HHH000400: Using dialect: org.hibernate.dialect.MySQL5Dialect
2023-02-07 18:28:42,411 [main] INFO  o.h.e.t.j.p.i.JtaPlatformInitiator - HHH000490: Using JtaPlatform implementation: [org.hibernate.engine.transaction.jta.platform.internal.NoJtaPlatform]
2023-02-07 18:28:42,426 [main] INFO  o.s.o.j.LocalContainerEntityManagerFactoryBean - Initialized JPA EntityManagerFactory for persistence unit 'default'
2023-02-07 18:28:43,426 [main] WARN  o.s.b.w.s.c.AnnotationConfigServletWebServerApplicationContext - Exception encountered during context initialization - cancelling refresh attempt: org.springframework.beans.factory.UnsatisfiedDependencyException: Error creating bean with name 'manualUpdateController' defined in file [C:\bagpack\aprojects\scribassu\tracto\target\classes\com\scribassu\tracto\controller\ManualUpdateController.class]: Unsatisfied dependency expressed through constructor parameter 0; nested exception is org.springframework.beans.factory.UnsatisfiedDependencyException: Error creating bean with name 'fullTimeScheduleUpdaterServiceImpl' defined in file [C:\bagpack\aprojects\scribassu\tracto\target\classes\com\scribassu\tracto\service\scheduled\FullTimeScheduleUpdaterServiceImpl.class]: Unsatisfied dependency expressed through constructor parameter 1; nested exception is org.springframework.beans.factory.UnsatisfiedDependencyException: Error creating bean with name 'scheduleDownloader' defined in file [C:\bagpack\aprojects\scribassu\tracto\target\classes\com\scribassu\tracto\service\ScheduleDownloader.class]: Unsatisfied dependency expressed through constructor parameter 0; nested exception is org.springframework.beans.factory.BeanCreationException: Error creating bean with name 'fullTimeScheduleWebClient' defined in class path resource [com/scribassu/tracto/configuration/WebClientConfiguration.class]: Bean instantiation via factory method failed; nested exception is org.springframework.beans.BeanInstantiationException: Failed to instantiate [org.springframework.web.reactive.function.client.WebClient]: Factory method 'fullTimeScheduleWebClient' threw exception; nested exception is java.lang.NullPointerException
2023-02-07 18:28:43,426 [main] INFO  o.s.o.j.LocalContainerEntityManagerFactoryBean - Closing JPA EntityManagerFactory for persistence unit 'default'
2023-02-07 18:28:43,426 [main] INFO  com.zaxxer.hikari.HikariDataSource - HikariPool-1 - Shutdown initiated...
2023-02-07 18:28:43,441 [main] INFO  com.zaxxer.hikari.HikariDataSource - HikariPool-1 - Shutdown completed.
2023-02-07 18:28:43,441 [main] INFO  o.a.catalina.core.StandardService - Stopping service [Tomcat]
2023-02-07 18:28:43,457 [main] INFO  o.s.b.a.l.ConditionEvaluationReportLoggingListener - 

Error starting ApplicationContext. To display the conditions report re-run your application with 'debug' enabled.
2023-02-07 18:28:43,472 [main] ERROR o.s.boot.SpringApplication - Application run failed
org.springframework.beans.factory.UnsatisfiedDependencyException: Error creating bean with name 'manualUpdateController' defined in file [C:\bagpack\aprojects\scribassu\tracto\target\classes\com\scribassu\tracto\controller\ManualUpdateController.class]: Unsatisfied dependency expressed through constructor parameter 0; nested exception is org.springframework.beans.factory.UnsatisfiedDependencyException: Error creating bean with name 'fullTimeScheduleUpdaterServiceImpl' defined in file [C:\bagpack\aprojects\scribassu\tracto\target\classes\com\scribassu\tracto\service\scheduled\FullTimeScheduleUpdaterServiceImpl.class]: Unsatisfied dependency expressed through constructor parameter 1; nested exception is org.springframework.beans.factory.UnsatisfiedDependencyException: Error creating bean with name 'scheduleDownloader' defined in file [C:\bagpack\aprojects\scribassu\tracto\target\classes\com\scribassu\tracto\service\ScheduleDownloader.class]: Unsatisfied dependency expressed through constructor parameter 0; nested exception is org.springframework.beans.factory.BeanCreationException: Error creating bean with name 'fullTimeScheduleWebClient' defined in class path resource [com/scribassu/tracto/configuration/WebClientConfiguration.class]: Bean instantiation via factory method failed; nested exception is org.springframework.beans.BeanInstantiationException: Failed to instantiate [org.springframework.web.reactive.function.client.WebClient]: Factory method 'fullTimeScheduleWebClient' threw exception; nested exception is java.lang.NullPointerException
	at org.springframework.beans.factory.support.ConstructorResolver.createArgumentArray(ConstructorResolver.java:800)
	at org.springframework.beans.factory.support.ConstructorResolver.autowireConstructor(ConstructorResolver.java:229)
	at org.springframework.beans.factory.support.AbstractAutowireCapableBeanFactory.autowireConstructor(AbstractAutowireCapableBeanFactory.java:1354)
	at org.springframework.beans.factory.support.AbstractAutowireCapableBeanFactory.createBeanInstance(AbstractAutowireCapableBeanFactory.java:1204)
	at org.springframework.beans.factory.support.AbstractAutowireCapableBeanFactory.doCreateBean(AbstractAutowireCapableBeanFactory.java:564)
	at org.springframework.beans.factory.support.AbstractAutowireCapableBeanFactory.createBean(AbstractAutowireCapableBeanFactory.java:524)
	at org.springframework.beans.factory.support.AbstractBeanFactory.lambda$doGetBean$0(AbstractBeanFactory.java:335)
	at org.springframework.beans.factory.support.DefaultSingletonBeanRegistry.getSingleton(DefaultSingletonBeanRegistry.java:234)
	at org.springframework.beans.factory.support.AbstractBeanFactory.doGetBean(AbstractBeanFactory.java:333)
	at org.springframework.beans.factory.support.AbstractBeanFactory.getBean(AbstractBeanFactory.java:208)
	at org.springframework.beans.factory.support.DefaultListableBeanFactory.preInstantiateSingletons(DefaultListableBeanFactory.java:944)
	at org.springframework.context.support.AbstractApplicationContext.finishBeanFactoryInitialization(AbstractApplicationContext.java:918)
	at org.springframework.context.support.AbstractApplicationContext.refresh(AbstractApplicationContext.java:583)
	at org.springframework.boot.web.servlet.context.ServletWebServerApplicationContext.refresh(ServletWebServerApplicationContext.java:145)
	at org.springframework.boot.SpringApplication.refresh(SpringApplication.java:754)
	at org.springframework.boot.SpringApplication.refreshContext(SpringApplication.java:434)
	at org.springframework.boot.SpringApplication.run(SpringApplication.java:338)
	at org.springframework.boot.SpringApplication.run(SpringApplication.java:1343)
	at org.springframework.boot.SpringApplication.run(SpringApplication.java:1332)
	at com.scribassu.tracto.TractoApplication.main(TractoApplication.java:14)
Caused by: org.springframework.beans.factory.UnsatisfiedDependencyException: Error creating bean with name 'fullTimeScheduleUpdaterServiceImpl' defined in file [C:\bagpack\aprojects\scribassu\tracto\target\classes\com\scribassu\tracto\service\scheduled\FullTimeScheduleUpdaterServiceImpl.class]: Unsatisfied dependency expressed through constructor parameter 1; nested exception is org.springframework.beans.factory.UnsatisfiedDependencyException: Error creating bean with name 'scheduleDownloader' defined in file [C:\bagpack\aprojects\scribassu\tracto\target\classes\com\scribassu\tracto\service\ScheduleDownloader.class]: Unsatisfied dependency expressed through constructor parameter 0; nested exception is org.springframework.beans.factory.BeanCreationException: Error creating bean with name 'fullTimeScheduleWebClient' defined in class path resource [com/scribassu/tracto/configuration/WebClientConfiguration.class]: Bean instantiation via factory method failed; nested exception is org.springframework.beans.BeanInstantiationException: Failed to instantiate [org.springframework.web.reactive.function.client.WebClient]: Factory method 'fullTimeScheduleWebClient' threw exception; nested exception is java.lang.NullPointerException
	at org.springframework.beans.factory.support.ConstructorResolver.createArgumentArray(ConstructorResolver.java:800)
	at org.springframework.beans.factory.support.ConstructorResolver.autowireConstructor(ConstructorResolver.java:229)
	at org.springframework.beans.factory.support.AbstractAutowireCapableBeanFactory.autowireConstructor(AbstractAutowireCapableBeanFactory.java:1354)
	at org.springframework.beans.factory.support.AbstractAutowireCapableBeanFactory.createBeanInstance(AbstractAutowireCapableBeanFactory.java:1204)
	at org.springframework.beans.factory.support.AbstractAutowireCapableBeanFactory.doCreateBean(AbstractAutowireCapableBeanFactory.java:564)
	at org.springframework.beans.factory.support.AbstractAutowireCapableBeanFactory.createBean(AbstractAutowireCapableBeanFactory.java:524)
	at org.springframework.beans.factory.support.AbstractBeanFactory.lambda$doGetBean$0(AbstractBeanFactory.java:335)
	at org.springframework.beans.factory.support.DefaultSingletonBeanRegistry.getSingleton(DefaultSingletonBeanRegistry.java:234)
	at org.springframework.beans.factory.support.AbstractBeanFactory.doGetBean(AbstractBeanFactory.java:333)
	at org.springframework.beans.factory.support.AbstractBeanFactory.getBean(AbstractBeanFactory.java:208)
	at org.springframework.beans.factory.config.DependencyDescriptor.resolveCandidate(DependencyDescriptor.java:276)
	at org.springframework.beans.factory.support.DefaultListableBeanFactory.doResolveDependency(DefaultListableBeanFactory.java:1380)
	at org.springframework.beans.factory.support.DefaultListableBeanFactory.resolveDependency(DefaultListableBeanFactory.java:1300)
	at org.springframework.beans.factory.support.ConstructorResolver.resolveAutowiredArgument(ConstructorResolver.java:887)
	at org.springframework.beans.factory.support.ConstructorResolver.createArgumentArray(ConstructorResolver.java:791)
	... 19 common frames omitted
Caused by: org.springframework.beans.factory.UnsatisfiedDependencyException: Error creating bean with name 'scheduleDownloader' defined in file [C:\bagpack\aprojects\scribassu\tracto\target\classes\com\scribassu\tracto\service\ScheduleDownloader.class]: Unsatisfied dependency expressed through constructor parameter 0; nested exception is org.springframework.beans.factory.BeanCreationException: Error creating bean with name 'fullTimeScheduleWebClient' defined in class path resource [com/scribassu/tracto/configuration/WebClientConfiguration.class]: Bean instantiation via factory method failed; nested exception is org.springframework.beans.BeanInstantiationException: Failed to instantiate [org.springframework.web.reactive.function.client.WebClient]: Factory method 'fullTimeScheduleWebClient' threw exception; nested exception is java.lang.NullPointerException
	at org.springframework.beans.factory.support.ConstructorResolver.createArgumentArray(ConstructorResolver.java:800)
	at org.springframework.beans.factory.support.ConstructorResolver.autowireConstructor(ConstructorResolver.java:229)
	at org.springframework.beans.factory.support.AbstractAutowireCapableBeanFactory.autowireConstructor(AbstractAutowireCapableBeanFactory.java:1354)
	at org.springframework.beans.factory.support.AbstractAutowireCapableBeanFactory.createBeanInstance(AbstractAutowireCapableBeanFactory.java:1204)
	at org.springframework.beans.factory.support.AbstractAutowireCapableBeanFactory.doCreateBean(AbstractAutowireCapableBeanFactory.java:564)
	at org.springframework.beans.factory.support.AbstractAutowireCapableBeanFactory.createBean(AbstractAutowireCapableBeanFactory.java:524)
	at org.springframework.beans.factory.support.AbstractBeanFactory.lambda$doGetBean$0(AbstractBeanFactory.java:335)
	at org.springframework.beans.factory.support.DefaultSingletonBeanRegistry.getSingleton(DefaultSingletonBeanRegistry.java:234)
	at org.springframework.beans.factory.support.AbstractBeanFactory.doGetBean(AbstractBeanFactory.java:333)
	at org.springframework.beans.factory.support.AbstractBeanFactory.getBean(AbstractBeanFactory.java:208)
	at org.springframework.beans.factory.config.DependencyDescriptor.resolveCandidate(DependencyDescriptor.java:276)
	at org.springframework.beans.factory.support.DefaultListableBeanFactory.doResolveDependency(DefaultListableBeanFactory.java:1380)
	at org.springframework.beans.factory.support.DefaultListableBeanFactory.resolveDependency(DefaultListableBeanFactory.java:1300)
	at org.springframework.beans.factory.support.ConstructorResolver.resolveAutowiredArgument(ConstructorResolver.java:887)
	at org.springframework.beans.factory.support.ConstructorResolver.createArgumentArray(ConstructorResolver.java:791)
	... 33 common frames omitted
Caused by: org.springframework.beans.factory.BeanCreationException: Error creating bean with name 'fullTimeScheduleWebClient' defined in class path resource [com/scribassu/tracto/configuration/WebClientConfiguration.class]: Bean instantiation via factory method failed; nested exception is org.springframework.beans.BeanInstantiationException: Failed to instantiate [org.springframework.web.reactive.function.client.WebClient]: Factory method 'fullTimeScheduleWebClient' threw exception; nested exception is java.lang.NullPointerException
	at org.springframework.beans.factory.support.ConstructorResolver.instantiate(ConstructorResolver.java:658)
	at org.springframework.beans.factory.support.ConstructorResolver.instantiateUsingFactoryMethod(ConstructorResolver.java:486)
	at org.springframework.beans.factory.support.AbstractAutowireCapableBeanFactory.instantiateUsingFactoryMethod(AbstractAutowireCapableBeanFactory.java:1334)
	at org.springframework.beans.factory.support.AbstractAutowireCapableBeanFactory.createBeanInstance(AbstractAutowireCapableBeanFactory.java:1177)
	at org.springframework.beans.factory.support.AbstractAutowireCapableBeanFactory.doCreateBean(AbstractAutowireCapableBeanFactory.java:564)
	at org.springframework.beans.factory.support.AbstractAutowireCapableBeanFactory.createBean(AbstractAutowireCapableBeanFactory.java:524)
	at org.springframework.beans.factory.support.AbstractBeanFactory.lambda$doGetBean$0(AbstractBeanFactory.java:335)
	at org.springframework.beans.factory.support.DefaultSingletonBeanRegistry.getSingleton(DefaultSingletonBeanRegistry.java:234)
	at org.springframework.beans.factory.support.AbstractBeanFactory.doGetBean(AbstractBeanFactory.java:333)
	at org.springframework.beans.factory.support.AbstractBeanFactory.getBean(AbstractBeanFactory.java:208)
	at org.springframework.beans.factory.config.DependencyDescriptor.resolveCandidate(DependencyDescriptor.java:276)
	at org.springframework.beans.factory.support.DefaultListableBeanFactory.doResolveDependency(DefaultListableBeanFactory.java:1380)
	at org.springframework.beans.factory.support.DefaultListableBeanFactory.resolveDependency(DefaultListableBeanFactory.java:1300)
	at org.springframework.beans.factory.support.ConstructorResolver.resolveAutowiredArgument(ConstructorResolver.java:887)
	at org.springframework.beans.factory.support.ConstructorResolver.createArgumentArray(ConstructorResolver.java:791)
	... 47 common frames omitted
Caused by: org.springframework.beans.BeanInstantiationException: Failed to instantiate [org.springframework.web.reactive.function.client.WebClient]: Factory method 'fullTimeScheduleWebClient' threw exception; nested exception is java.lang.NullPointerException
	at org.springframework.beans.factory.support.SimpleInstantiationStrategy.instantiate(SimpleInstantiationStrategy.java:185)
	at org.springframework.beans.factory.support.ConstructorResolver.instantiate(ConstructorResolver.java:653)
	... 61 common frames omitted
Caused by: java.lang.NullPointerException: null
	at com.scribassu.tracto.configuration.WebClientConfiguration.fullTimeScheduleWebClient(WebClientConfiguration.java:35)
	at com.scribassu.tracto.configuration.WebClientConfiguration$$EnhancerBySpringCGLIB$$e17cf3c9.CGLIB$fullTimeScheduleWebClient$2(<generated>)
	at com.scribassu.tracto.configuration.WebClientConfiguration$$EnhancerBySpringCGLIB$$e17cf3c9$$FastClassBySpringCGLIB$$bd53703e.invoke(<generated>)
	at org.springframework.cglib.proxy.MethodProxy.invokeSuper(MethodProxy.java:244)
	at org.springframework.context.annotation.ConfigurationClassEnhancer$BeanMethodInterceptor.intercept(ConfigurationClassEnhancer.java:331)
	at com.scribassu.tracto.configuration.WebClientConfiguration$$EnhancerBySpringCGLIB$$e17cf3c9.fullTimeScheduleWebClient(<generated>)
	at java.base/jdk.internal.reflect.NativeMethodAccessorImpl.invoke0(Native Method)
	at java.base/jdk.internal.reflect.NativeMethodAccessorImpl.invoke(NativeMethodAccessorImpl.java:62)
	at java.base/jdk.internal.reflect.DelegatingMethodAccessorImpl.invoke(DelegatingMethodAccessorImpl.java:43)
	at java.base/java.lang.reflect.Method.invoke(Method.java:566)
	at org.springframework.beans.factory.support.SimpleInstantiationStrategy.instantiate(SimpleInstantiationStrategy.java:154)
	... 62 common frames omitted
2023-02-07 18:30:02,644 [main] INFO  c.scribassu.tracto.TractoApplication - Starting TractoApplication using Java 11.0.7 on LAPTOP-90L1TJ6T with PID 7988 (C:\bagpack\aprojects\scribassu\tracto\target\classes started by Dzeru in C:\bagpack\aprojects\scribassu\tracto)
2023-02-07 18:30:02,660 [main] INFO  c.scribassu.tracto.TractoApplication - The following profiles are active: dev
2023-02-07 18:30:03,797 [main] INFO  o.s.d.r.c.RepositoryConfigurationDelegate - Bootstrapping Spring Data JPA repositories in DEFAULT mode.
2023-02-07 18:30:04,153 [main] INFO  o.s.d.r.c.RepositoryConfigurationDelegate - Finished Spring Data repository scanning in 333 ms. Found 12 JPA repository interfaces.
2023-02-07 18:30:06,089 [main] INFO  o.s.b.w.e.tomcat.TomcatWebServer - Tomcat initialized with port(s): 9001 (http)
2023-02-07 18:30:06,105 [main] INFO  o.a.coyote.http11.Http11NioProtocol - Initializing ProtocolHandler ["http-nio-9001"]
2023-02-07 18:30:06,105 [main] INFO  o.a.catalina.core.StandardService - Starting service [Tomcat]
2023-02-07 18:30:06,105 [main] INFO  o.a.catalina.core.StandardEngine - Starting Servlet engine: [Apache Tomcat/9.0.46]
2023-02-07 18:30:06,314 [main] INFO  o.a.c.c.C.[.[localhost].[/api] - Initializing Spring embedded WebApplicationContext
2023-02-07 18:30:06,315 [main] INFO  o.s.b.w.s.c.ServletWebServerApplicationContext - Root WebApplicationContext: initialization completed in 3577 ms
2023-02-07 18:30:06,682 [main] INFO  com.zaxxer.hikari.HikariDataSource - HikariPool-1 - Starting...
2023-02-07 18:30:06,963 [main] INFO  com.zaxxer.hikari.HikariDataSource - HikariPool-1 - Start completed.
2023-02-07 18:30:07,182 [main] INFO  o.h.jpa.internal.util.LogHelper - HHH000204: Processing PersistenceUnitInfo [name: default]
2023-02-07 18:30:07,291 [main] INFO  org.hibernate.Version - HHH000412: Hibernate ORM core version 5.4.32.Final
2023-02-07 18:30:07,604 [main] INFO  o.h.annotations.common.Version - HCANN000001: Hibernate Commons Annotations {5.1.2.Final}
2023-02-07 18:30:07,864 [main] INFO  org.hibernate.dialect.Dialect - HHH000400: Using dialect: org.hibernate.dialect.MySQL5Dialect
2023-02-07 18:30:10,210 [main] INFO  o.h.e.t.j.p.i.JtaPlatformInitiator - HHH000490: Using JtaPlatform implementation: [org.hibernate.engine.transaction.jta.platform.internal.NoJtaPlatform]
2023-02-07 18:30:10,226 [main] INFO  o.s.o.j.LocalContainerEntityManagerFactoryBean - Initialized JPA EntityManagerFactory for persistence unit 'default'
2023-02-07 18:31:08,106 [HikariPool-1 housekeeper] WARN  com.zaxxer.hikari.pool.HikariPool - HikariPool-1 - Thread starvation or clock leap detected (housekeeper delta=1m1s33ms544µs600ns).
2023-02-07 18:31:08,110 [main] WARN  o.s.b.w.s.c.AnnotationConfigServletWebServerApplicationContext - Exception encountered during context initialization - cancelling refresh attempt: org.springframework.beans.factory.UnsatisfiedDependencyException: Error creating bean with name 'manualUpdateController' defined in file [C:\bagpack\aprojects\scribassu\tracto\target\classes\com\scribassu\tracto\controller\ManualUpdateController.class]: Unsatisfied dependency expressed through constructor parameter 0; nested exception is org.springframework.beans.factory.UnsatisfiedDependencyException: Error creating bean with name 'fullTimeScheduleUpdaterServiceImpl' defined in file [C:\bagpack\aprojects\scribassu\tracto\target\classes\com\scribassu\tracto\service\scheduled\FullTimeScheduleUpdaterServiceImpl.class]: Unsatisfied dependency expressed through constructor parameter 1; nested exception is org.springframework.beans.factory.UnsatisfiedDependencyException: Error creating bean with name 'scheduleDownloader' defined in file [C:\bagpack\aprojects\scribassu\tracto\target\classes\com\scribassu\tracto\service\ScheduleDownloader.class]: Unsatisfied dependency expressed through constructor parameter 0; nested exception is org.springframework.beans.factory.BeanCreationException: Error creating bean with name 'fullTimeScheduleWebClient' defined in class path resource [com/scribassu/tracto/configuration/WebClientConfiguration.class]: Bean instantiation via factory method failed; nested exception is org.springframework.beans.BeanInstantiationException: Failed to instantiate [org.springframework.web.reactive.function.client.WebClient]: Factory method 'fullTimeScheduleWebClient' threw exception; nested exception is java.lang.NullPointerException
2023-02-07 18:31:08,116 [main] INFO  o.s.o.j.LocalContainerEntityManagerFactoryBean - Closing JPA EntityManagerFactory for persistence unit 'default'
2023-02-07 18:31:08,118 [main] INFO  com.zaxxer.hikari.HikariDataSource - HikariPool-1 - Shutdown initiated...
2023-02-07 18:31:08,129 [main] INFO  com.zaxxer.hikari.HikariDataSource - HikariPool-1 - Shutdown completed.
2023-02-07 18:31:08,129 [main] INFO  o.a.catalina.core.StandardService - Stopping service [Tomcat]
2023-02-07 18:31:08,144 [main] INFO  o.s.b.a.l.ConditionEvaluationReportLoggingListener - 

Error starting ApplicationContext. To display the conditions report re-run your application with 'debug' enabled.
2023-02-07 18:32:31,448 [main] INFO  c.scribassu.tracto.TractoApplication - Starting TractoApplication using Java 11.0.7 on LAPTOP-90L1TJ6T with PID 1764 (C:\bagpack\aprojects\scribassu\tracto\target\classes started by Dzeru in C:\bagpack\aprojects\scribassu\tracto)
2023-02-07 18:32:31,448 [main] INFO  c.scribassu.tracto.TractoApplication - The following profiles are active: dev
2023-02-07 18:32:32,464 [main] INFO  o.s.d.r.c.RepositoryConfigurationDelegate - Bootstrapping Spring Data JPA repositories in DEFAULT mode.
2023-02-07 18:32:32,698 [main] INFO  o.s.d.r.c.RepositoryConfigurationDelegate - Finished Spring Data repository scanning in 229 ms. Found 12 JPA repository interfaces.
2023-02-07 18:32:34,526 [main] INFO  o.s.b.w.e.tomcat.TomcatWebServer - Tomcat initialized with port(s): 9001 (http)
2023-02-07 18:32:34,542 [main] INFO  o.a.coyote.http11.Http11NioProtocol - Initializing ProtocolHandler ["http-nio-9001"]
2023-02-07 18:32:34,542 [main] INFO  o.a.catalina.core.StandardService - Starting service [Tomcat]
2023-02-07 18:32:34,542 [main] INFO  o.a.catalina.core.StandardEngine - Starting Servlet engine: [Apache Tomcat/9.0.46]
2023-02-07 18:32:34,823 [main] INFO  o.a.c.c.C.[.[localhost].[/api] - Initializing Spring embedded WebApplicationContext
2023-02-07 18:32:34,823 [main] INFO  o.s.b.w.s.c.ServletWebServerApplicationContext - Root WebApplicationContext: initialization completed in 3265 ms
2023-02-07 18:32:35,177 [main] INFO  com.zaxxer.hikari.HikariDataSource - HikariPool-1 - Starting...
2023-02-07 18:32:35,521 [main] INFO  com.zaxxer.hikari.HikariDataSource - HikariPool-1 - Start completed.
2023-02-07 18:32:35,708 [main] INFO  o.h.jpa.internal.util.LogHelper - HHH000204: Processing PersistenceUnitInfo [name: default]
2023-02-07 18:32:35,802 [main] INFO  org.hibernate.Version - HHH000412: Hibernate ORM core version 5.4.32.Final
2023-02-07 18:32:36,021 [main] INFO  o.h.annotations.common.Version - HCANN000001: Hibernate Commons Annotations {5.1.2.Final}
2023-02-07 18:32:36,208 [main] INFO  org.hibernate.dialect.Dialect - HHH000400: Using dialect: org.hibernate.dialect.MySQL5Dialect
2023-02-07 18:32:38,438 [main] INFO  o.h.e.t.j.p.i.JtaPlatformInitiator - HHH000490: Using JtaPlatform implementation: [org.hibernate.engine.transaction.jta.platform.internal.NoJtaPlatform]
2023-02-07 18:32:38,453 [main] INFO  o.s.o.j.LocalContainerEntityManagerFactoryBean - Initialized JPA EntityManagerFactory for persistence unit 'default'
2023-02-07 18:33:00,652 [main] WARN  o.s.b.w.s.c.AnnotationConfigServletWebServerApplicationContext - Exception encountered during context initialization - cancelling refresh attempt: org.springframework.beans.factory.UnsatisfiedDependencyException: Error creating bean with name 'manualUpdateController' defined in file [C:\bagpack\aprojects\scribassu\tracto\target\classes\com\scribassu\tracto\controller\ManualUpdateController.class]: Unsatisfied dependency expressed through constructor parameter 0; nested exception is org.springframework.beans.factory.BeanCreationException: Error creating bean with name 'fullTimeScheduleUpdaterServiceImpl' defined in file [C:\bagpack\aprojects\scribassu\tracto\target\classes\com\scribassu\tracto\service\scheduled\FullTimeScheduleUpdaterServiceImpl.class]: Initialization of bean failed; nested exception is java.lang.IllegalStateException: Encountered invalid @Scheduled method 'updateSchedule': Could not resolve placeholder 'tracto.time-update-schedule' in value "${tracto.time-update-schedule}"
2023-02-07 18:33:00,652 [main] INFO  o.s.o.j.LocalContainerEntityManagerFactoryBean - Closing JPA EntityManagerFactory for persistence unit 'default'
2023-02-07 18:33:00,652 [main] INFO  com.zaxxer.hikari.HikariDataSource - HikariPool-1 - Shutdown initiated...
2023-02-07 18:33:00,667 [main] INFO  com.zaxxer.hikari.HikariDataSource - HikariPool-1 - Shutdown completed.
2023-02-07 18:33:10,824 [main] INFO  c.scribassu.tracto.TractoApplication - Starting TractoApplication using Java 11.0.7 on LAPTOP-90L1TJ6T with PID 14080 (C:\bagpack\aprojects\scribassu\tracto\target\classes started by Dzeru in C:\bagpack\aprojects\scribassu\tracto)
2023-02-07 18:33:10,840 [main] INFO  c.scribassu.tracto.TractoApplication - The following profiles are active: dev
2023-02-07 18:33:11,678 [main] INFO  o.s.d.r.c.RepositoryConfigurationDelegate - Bootstrapping Spring Data JPA repositories in DEFAULT mode.
2023-02-07 18:33:11,913 [main] INFO  o.s.d.r.c.RepositoryConfigurationDelegate - Finished Spring Data repository scanning in 230 ms. Found 12 JPA repository interfaces.
2023-02-07 18:33:13,512 [main] INFO  o.s.b.w.e.tomcat.TomcatWebServer - Tomcat initialized with port(s): 9001 (http)
2023-02-07 18:33:13,528 [main] INFO  o.a.coyote.http11.Http11NioProtocol - Initializing ProtocolHandler ["http-nio-9001"]
2023-02-07 18:33:13,528 [main] INFO  o.a.catalina.core.StandardService - Starting service [Tomcat]
2023-02-07 18:33:13,528 [main] INFO  o.a.catalina.core.StandardEngine - Starting Servlet engine: [Apache Tomcat/9.0.46]
2023-02-07 18:33:13,699 [main] INFO  o.a.c.c.C.[.[localhost].[/api] - Initializing Spring embedded WebApplicationContext
2023-02-07 18:33:13,699 [main] INFO  o.s.b.w.s.c.ServletWebServerApplicationContext - Root WebApplicationContext: initialization completed in 2802 ms
2023-02-07 18:33:13,965 [main] INFO  com.zaxxer.hikari.HikariDataSource - HikariPool-1 - Starting...
2023-02-07 18:33:14,214 [main] INFO  com.zaxxer.hikari.HikariDataSource - HikariPool-1 - Start completed.
2023-02-07 18:33:14,376 [main] INFO  o.h.jpa.internal.util.LogHelper - HHH000204: Processing PersistenceUnitInfo [name: default]
2023-02-07 18:33:14,462 [main] INFO  org.hibernate.Version - HHH000412: Hibernate ORM core version 5.4.32.Final
2023-02-07 18:33:14,663 [main] INFO  o.h.annotations.common.Version - HCANN000001: Hibernate Commons Annotations {5.1.2.Final}
2023-02-07 18:33:14,819 [main] INFO  org.hibernate.dialect.Dialect - HHH000400: Using dialect: org.hibernate.dialect.MySQL5Dialect
2023-02-07 18:33:16,866 [main] INFO  o.h.e.t.j.p.i.JtaPlatformInitiator - HHH000490: Using JtaPlatform implementation: [org.hibernate.engine.transaction.jta.platform.internal.NoJtaPlatform]
2023-02-07 18:33:16,882 [main] INFO  o.s.o.j.LocalContainerEntityManagerFactoryBean - Initialized JPA EntityManagerFactory for persistence unit 'default'
2023-02-07 18:33:18,931 [main] WARN  o.s.b.w.s.c.AnnotationConfigServletWebServerApplicationContext - Exception encountered during context initialization - cancelling refresh attempt: org.springframework.beans.factory.UnsatisfiedDependencyException: Error creating bean with name 'manualUpdateController' defined in file [C:\bagpack\aprojects\scribassu\tracto\target\classes\com\scribassu\tracto\controller\ManualUpdateController.class]: Unsatisfied dependency expressed through constructor parameter 0; nested exception is org.springframework.beans.factory.BeanCreationException: Error creating bean with name 'fullTimeScheduleUpdaterServiceImpl' defined in file [C:\bagpack\aprojects\scribassu\tracto\target\classes\com\scribassu\tracto\service\scheduled\FullTimeScheduleUpdaterServiceImpl.class]: Initialization of bean failed; nested exception is java.lang.IllegalStateException: Encountered invalid @Scheduled method 'updateSchedule': Could not resolve placeholder 'tracto.time-update-schedule' in value "${tracto.time-update-schedule}"
2023-02-07 18:33:18,946 [main] INFO  o.s.o.j.LocalContainerEntityManagerFactoryBean - Closing JPA EntityManagerFactory for persistence unit 'default'
2023-02-07 18:33:18,946 [main] INFO  com.zaxxer.hikari.HikariDataSource - HikariPool-1 - Shutdown initiated...
2023-02-07 18:33:18,946 [main] INFO  com.zaxxer.hikari.HikariDataSource - HikariPool-1 - Shutdown completed.
2023-02-07 18:33:18,946 [main] INFO  o.a.catalina.core.StandardService - Stopping service [Tomcat]
2023-02-07 18:33:18,978 [main] INFO  o.s.b.a.l.ConditionEvaluationReportLoggingListener - 

Error starting ApplicationContext. To display the conditions report re-run your application with 'debug' enabled.
2023-02-07 18:33:18,993 [main] ERROR o.s.boot.SpringApplication - Application run failed
org.springframework.beans.factory.UnsatisfiedDependencyException: Error creating bean with name 'manualUpdateController' defined in file [C:\bagpack\aprojects\scribassu\tracto\target\classes\com\scribassu\tracto\controller\ManualUpdateController.class]: Unsatisfied dependency expressed through constructor parameter 0; nested exception is org.springframework.beans.factory.BeanCreationException: Error creating bean with name 'fullTimeScheduleUpdaterServiceImpl' defined in file [C:\bagpack\aprojects\scribassu\tracto\target\classes\com\scribassu\tracto\service\scheduled\FullTimeScheduleUpdaterServiceImpl.class]: Initialization of bean failed; nested exception is java.lang.IllegalStateException: Encountered invalid @Scheduled method 'updateSchedule': Could not resolve placeholder 'tracto.time-update-schedule' in value "${tracto.time-update-schedule}"
	at org.springframework.beans.factory.support.ConstructorResolver.createArgumentArray(ConstructorResolver.java:800)
	at org.springframework.beans.factory.support.ConstructorResolver.autowireConstructor(ConstructorResolver.java:229)
	at org.springframework.beans.factory.support.AbstractAutowireCapableBeanFactory.autowireConstructor(AbstractAutowireCapableBeanFactory.java:1354)
	at org.springframework.beans.factory.support.AbstractAutowireCapableBeanFactory.createBeanInstance(AbstractAutowireCapableBeanFactory.java:1204)
	at org.springframework.beans.factory.support.AbstractAutowireCapableBeanFactory.doCreateBean(AbstractAutowireCapableBeanFactory.java:564)
	at org.springframework.beans.factory.support.AbstractAutowireCapableBeanFactory.createBean(AbstractAutowireCapableBeanFactory.java:524)
	at org.springframework.beans.factory.support.AbstractBeanFactory.lambda$doGetBean$0(AbstractBeanFactory.java:335)
	at org.springframework.beans.factory.support.DefaultSingletonBeanRegistry.getSingleton(DefaultSingletonBeanRegistry.java:234)
	at org.springframework.beans.factory.support.AbstractBeanFactory.doGetBean(AbstractBeanFactory.java:333)
	at org.springframework.beans.factory.support.AbstractBeanFactory.getBean(AbstractBeanFactory.java:208)
	at org.springframework.beans.factory.support.DefaultListableBeanFactory.preInstantiateSingletons(DefaultListableBeanFactory.java:944)
	at org.springframework.context.support.AbstractApplicationContext.finishBeanFactoryInitialization(AbstractApplicationContext.java:918)
	at org.springframework.context.support.AbstractApplicationContext.refresh(AbstractApplicationContext.java:583)
	at org.springframework.boot.web.servlet.context.ServletWebServerApplicationContext.refresh(ServletWebServerApplicationContext.java:145)
	at org.springframework.boot.SpringApplication.refresh(SpringApplication.java:754)
	at org.springframework.boot.SpringApplication.refreshContext(SpringApplication.java:434)
	at org.springframework.boot.SpringApplication.run(SpringApplication.java:338)
	at org.springframework.boot.SpringApplication.run(SpringApplication.java:1343)
	at org.springframework.boot.SpringApplication.run(SpringApplication.java:1332)
	at com.scribassu.tracto.TractoApplication.main(TractoApplication.java:14)
Caused by: org.springframework.beans.factory.BeanCreationException: Error creating bean with name 'fullTimeScheduleUpdaterServiceImpl' defined in file [C:\bagpack\aprojects\scribassu\tracto\target\classes\com\scribassu\tracto\service\scheduled\FullTimeScheduleUpdaterServiceImpl.class]: Initialization of bean failed; nested exception is java.lang.IllegalStateException: Encountered invalid @Scheduled method 'updateSchedule': Could not resolve placeholder 'tracto.time-update-schedule' in value "${tracto.time-update-schedule}"
	at org.springframework.beans.factory.support.AbstractAutowireCapableBeanFactory.doCreateBean(AbstractAutowireCapableBeanFactory.java:610)
	at org.springframework.beans.factory.support.AbstractAutowireCapableBeanFactory.createBean(AbstractAutowireCapableBeanFactory.java:524)
	at org.springframework.beans.factory.support.AbstractBeanFactory.lambda$doGetBean$0(AbstractBeanFactory.java:335)
	at org.springframework.beans.factory.support.DefaultSingletonBeanRegistry.getSingleton(DefaultSingletonBeanRegistry.java:234)
	at org.springframework.beans.factory.support.AbstractBeanFactory.doGetBean(AbstractBeanFactory.java:333)
	at org.springframework.beans.factory.support.AbstractBeanFactory.getBean(AbstractBeanFactory.java:208)
	at org.springframework.beans.factory.config.DependencyDescriptor.resolveCandidate(DependencyDescriptor.java:276)
	at org.springframework.beans.factory.support.DefaultListableBeanFactory.doResolveDependency(DefaultListableBeanFactory.java:1380)
	at org.springframework.beans.factory.support.DefaultListableBeanFactory.resolveDependency(DefaultListableBeanFactory.java:1300)
	at org.springframework.beans.factory.support.ConstructorResolver.resolveAutowiredArgument(ConstructorResolver.java:887)
	at org.springframework.beans.factory.support.ConstructorResolver.createArgumentArray(ConstructorResolver.java:791)
	... 19 common frames omitted
Caused by: java.lang.IllegalStateException: Encountered invalid @Scheduled method 'updateSchedule': Could not resolve placeholder 'tracto.time-update-schedule' in value "${tracto.time-update-schedule}"
	at org.springframework.scheduling.annotation.ScheduledAnnotationBeanPostProcessor.processScheduled(ScheduledAnnotationBeanPostProcessor.java:511)
	at org.springframework.scheduling.annotation.ScheduledAnnotationBeanPostProcessor.lambda$null$1(ScheduledAnnotationBeanPostProcessor.java:374)
	at java.base/java.lang.Iterable.forEach(Iterable.java:75)
	at org.springframework.scheduling.annotation.ScheduledAnnotationBeanPostProcessor.lambda$postProcessAfterInitialization$2(ScheduledAnnotationBeanPostProcessor.java:374)
	at java.base/java.util.LinkedHashMap.forEach(LinkedHashMap.java:684)
	at org.springframework.scheduling.annotation.ScheduledAnnotationBeanPostProcessor.postProcessAfterInitialization(ScheduledAnnotationBeanPostProcessor.java:373)
	at org.springframework.beans.factory.support.AbstractAutowireCapableBeanFactory.applyBeanPostProcessorsAfterInitialization(AbstractAutowireCapableBeanFactory.java:437)
	at org.springframework.beans.factory.support.AbstractAutowireCapableBeanFactory.initializeBean(AbstractAutowireCapableBeanFactory.java:1790)
	at org.springframework.beans.factory.support.AbstractAutowireCapableBeanFactory.doCreateBean(AbstractAutowireCapableBeanFactory.java:602)
	... 29 common frames omitted
2023-02-07 18:35:55,913 [main] INFO  c.scribassu.tracto.TractoApplication - Starting TractoApplication using Java 11.0.7 on LAPTOP-90L1TJ6T with PID 10680 (C:\bagpack\aprojects\scribassu\tracto\target\classes started by Dzeru in C:\bagpack\aprojects\scribassu\tracto)
2023-02-07 18:35:55,913 [main] INFO  c.scribassu.tracto.TractoApplication - The following profiles are active: dev
2023-02-07 18:35:56,824 [main] INFO  o.s.d.r.c.RepositoryConfigurationDelegate - Bootstrapping Spring Data JPA repositories in DEFAULT mode.
2023-02-07 18:35:57,048 [main] INFO  o.s.d.r.c.RepositoryConfigurationDelegate - Finished Spring Data repository scanning in 217 ms. Found 12 JPA repository interfaces.
2023-02-07 18:35:58,744 [main] INFO  o.s.b.w.e.tomcat.TomcatWebServer - Tomcat initialized with port(s): 9001 (http)
2023-02-07 18:35:58,760 [main] INFO  o.a.coyote.http11.Http11NioProtocol - Initializing ProtocolHandler ["http-nio-9001"]
2023-02-07 18:35:58,760 [main] INFO  o.a.catalina.core.StandardService - Starting service [Tomcat]
2023-02-07 18:35:58,760 [main] INFO  o.a.catalina.core.StandardEngine - Starting Servlet engine: [Apache Tomcat/9.0.46]
2023-02-07 18:35:58,948 [main] INFO  o.a.c.c.C.[.[localhost].[/api] - Initializing Spring embedded WebApplicationContext
2023-02-07 18:35:58,948 [main] INFO  o.s.b.w.s.c.ServletWebServerApplicationContext - Root WebApplicationContext: initialization completed in 2972 ms
2023-02-07 18:35:59,244 [main] INFO  com.zaxxer.hikari.HikariDataSource - HikariPool-1 - Starting...
2023-02-07 18:35:59,494 [main] INFO  com.zaxxer.hikari.HikariDataSource - HikariPool-1 - Start completed.
2023-02-07 18:35:59,666 [main] INFO  o.h.jpa.internal.util.LogHelper - HHH000204: Processing PersistenceUnitInfo [name: default]
2023-02-07 18:35:59,744 [main] INFO  org.hibernate.Version - HHH000412: Hibernate ORM core version 5.4.32.Final
2023-02-07 18:35:59,932 [main] INFO  o.h.annotations.common.Version - HCANN000001: Hibernate Commons Annotations {5.1.2.Final}
2023-02-07 18:36:00,104 [main] INFO  org.hibernate.dialect.Dialect - HHH000400: Using dialect: org.hibernate.dialect.MySQL5Dialect
2023-02-07 18:36:02,213 [main] INFO  o.h.e.t.j.p.i.JtaPlatformInitiator - HHH000490: Using JtaPlatform implementation: [org.hibernate.engine.transaction.jta.platform.internal.NoJtaPlatform]
2023-02-07 18:36:02,213 [main] INFO  o.s.o.j.LocalContainerEntityManagerFactoryBean - Initialized JPA EntityManagerFactory for persistence unit 'default'
2023-02-07 18:36:04,494 [main] WARN  o.s.b.a.o.j.JpaBaseConfiguration$JpaWebConfiguration - spring.jpa.open-in-view is enabled by default. Therefore, database queries may be performed during view rendering. Explicitly configure spring.jpa.open-in-view to disable this warning
2023-02-07 18:36:05,760 [main] INFO  o.s.b.a.e.web.EndpointLinksResolver - Exposing 13 endpoint(s) beneath base path '/actuator'
2023-02-07 18:36:05,791 [main] INFO  o.a.coyote.http11.Http11NioProtocol - Starting ProtocolHandler ["http-nio-9001"]
2023-02-07 18:36:05,807 [main] INFO  o.s.b.w.e.tomcat.TomcatWebServer - Tomcat started on port(s): 9001 (http) with context path '/api'
2023-02-07 18:36:05,823 [main] INFO  c.s.t.util.TablesDataInitializerImpl - Start init days
2023-02-07 18:36:05,916 [main] INFO  c.s.t.util.TablesDataInitializerImpl - No need to init monday
2023-02-07 18:36:05,916 [main] INFO  c.s.t.util.TablesDataInitializerImpl - No need to init tuesday
2023-02-07 18:36:05,916 [main] INFO  c.s.t.util.TablesDataInitializerImpl - No need to init wednesday
2023-02-07 18:36:05,932 [main] INFO  c.s.t.util.TablesDataInitializerImpl - No need to init thursday
2023-02-07 18:36:05,932 [main] INFO  c.s.t.util.TablesDataInitializerImpl - No need to init friday
2023-02-07 18:36:05,932 [main] INFO  c.s.t.util.TablesDataInitializerImpl - No need to init saturday
2023-02-07 18:36:05,932 [main] INFO  c.s.t.util.TablesDataInitializerImpl - No need to init sunday
2023-02-07 18:36:05,932 [main] INFO  c.s.t.util.TablesDataInitializerImpl - End init days
2023-02-07 18:36:05,932 [main] INFO  c.s.t.util.TablesDataInitializerImpl - Start init lesson times
2023-02-07 18:36:05,963 [main] INFO  c.s.t.util.TablesDataInitializerImpl - No need to init lesson first
2023-02-07 18:36:05,963 [main] INFO  c.s.t.util.TablesDataInitializerImpl - No need to init lesson second
2023-02-07 18:36:05,963 [main] INFO  c.s.t.util.TablesDataInitializerImpl - No need to init lesson third
2023-02-07 18:36:05,963 [main] INFO  c.s.t.util.TablesDataInitializerImpl - No need to init lesson fourth
2023-02-07 18:36:05,963 [main] INFO  c.s.t.util.TablesDataInitializerImpl - No need to init lesson fifth
2023-02-07 18:36:05,979 [main] INFO  c.s.t.util.TablesDataInitializerImpl - No need to init lesson six
2023-02-07 18:36:05,979 [main] INFO  c.s.t.util.TablesDataInitializerImpl - No need to init lesson seventh
2023-02-07 18:36:05,979 [main] INFO  c.s.t.util.TablesDataInitializerImpl - No need to init lesson eighth
2023-02-07 18:36:05,979 [main] INFO  c.s.t.util.TablesDataInitializerImpl - No need to init lesson first CollegeCre
2023-02-07 18:36:05,979 [main] INFO  c.s.t.util.TablesDataInitializerImpl - No need to init lesson second CollegeCre
2023-02-07 18:36:05,979 [main] INFO  c.s.t.util.TablesDataInitializerImpl - No need to init lesson third CollegeCre
2023-02-07 18:36:05,979 [main] INFO  c.s.t.util.TablesDataInitializerImpl - No need to init lesson fourth CollegeCre
2023-02-07 18:36:05,994 [main] INFO  c.s.t.util.TablesDataInitializerImpl - No need to init lesson fifth CollegeCre
2023-02-07 18:36:05,994 [main] INFO  c.s.t.util.TablesDataInitializerImpl - No need to init lesson first CollegeKgl
2023-02-07 18:36:05,994 [main] INFO  c.s.t.util.TablesDataInitializerImpl - No need to init lesson second CollegeKgl
2023-02-07 18:36:05,994 [main] INFO  c.s.t.util.TablesDataInitializerImpl - No need to init lesson third CollegeKgl
2023-02-07 18:36:05,994 [main] INFO  c.s.t.util.TablesDataInitializerImpl - No need to init lesson fourth CollegeKgl
2023-02-07 18:36:05,994 [main] INFO  c.s.t.util.TablesDataInitializerImpl - No need to init lesson fifth CollegeKgl
2023-02-07 18:36:05,994 [main] INFO  c.s.t.util.TablesDataInitializerImpl - No need to init lesson sixth CollegeKgl
2023-02-07 18:36:05,994 [main] INFO  c.s.t.util.TablesDataInitializerImpl - No need to init lesson seventh CollegeKgl
2023-02-07 18:36:05,994 [main] INFO  c.s.t.util.TablesDataInitializerImpl - End init lesson times
2023-02-07 18:36:05,994 [main] INFO  c.s.t.util.TablesDataInitializerImpl - Start init departments
2023-02-07 18:36:06,015 [main] INFO  c.s.t.util.TablesDataInitializerImpl - No need to init bf
2023-02-07 18:36:06,017 [main] INFO  c.s.t.util.TablesDataInitializerImpl - No need to init gf
2023-02-07 18:36:06,019 [main] INFO  c.s.t.util.TablesDataInitializerImpl - No need to init gl
2023-02-07 18:36:06,021 [main] INFO  c.s.t.util.TablesDataInitializerImpl - No need to init idpo
2023-02-07 18:36:06,024 [main] INFO  c.s.t.util.TablesDataInitializerImpl - No need to init ii
2023-02-07 18:36:06,026 [main] INFO  c.s.t.util.TablesDataInitializerImpl - No need to init imo
2023-02-07 18:36:06,028 [main] INFO  c.s.t.util.TablesDataInitializerImpl - No need to init ff
2023-02-07 18:36:06,031 [main] INFO  c.s.t.util.TablesDataInitializerImpl - No need to init ifk
2023-02-07 18:36:06,033 [main] INFO  c.s.t.util.TablesDataInitializerImpl - No need to init ifg
2023-02-07 18:36:06,035 [main] INFO  c.s.t.util.TablesDataInitializerImpl - No need to init ih
2023-02-07 18:36:06,037 [main] INFO  c.s.t.util.TablesDataInitializerImpl - No need to init mm
2023-02-07 18:36:06,039 [main] INFO  c.s.t.util.TablesDataInitializerImpl - No need to init sf
2023-02-07 18:36:06,041 [main] INFO  c.s.t.util.TablesDataInitializerImpl - No need to init fi
2023-02-07 18:36:06,042 [main] INFO  c.s.t.util.TablesDataInitializerImpl - No need to init knt
2023-02-07 18:36:06,042 [main] INFO  c.s.t.util.TablesDataInitializerImpl - No need to init fn
2023-02-07 18:36:06,042 [main] INFO  c.s.t.util.TablesDataInitializerImpl - No need to init fnp
2023-02-07 18:36:06,042 [main] INFO  c.s.t.util.TablesDataInitializerImpl - No need to init fps
2023-02-07 18:36:06,042 [main] INFO  c.s.t.util.TablesDataInitializerImpl - No need to init fppso
2023-02-07 18:36:06,042 [main] INFO  c.s.t.util.TablesDataInitializerImpl - No need to init fp
2023-02-07 18:36:06,042 [main] INFO  c.s.t.util.TablesDataInitializerImpl - No need to init ef
2023-02-07 18:36:06,057 [main] INFO  c.s.t.util.TablesDataInitializerImpl - No need to init uf
2023-02-07 18:36:06,057 [main] INFO  c.s.t.util.TablesDataInitializerImpl - No need to init kgl
2023-02-07 18:36:06,057 [main] INFO  c.s.t.util.TablesDataInitializerImpl - No need to init cre
2023-02-07 18:36:06,057 [main] INFO  c.s.t.util.TablesDataInitializerImpl - End init departments
2023-02-07 18:36:06,057 [main] INFO  c.s.t.util.TablesDataInitializerImpl - Start init exam period months
2023-02-07 18:36:06,089 [main] INFO  c.s.t.util.TablesDataInitializerImpl - End init exam period months
2023-02-07 18:36:06,089 [main] INFO  c.scribassu.tracto.TractoApplication - Started TractoApplication in 10.715 seconds (JVM running for 11.459)
2023-02-07 18:43:39,184 [SpringApplicationShutdownHook] INFO  o.s.o.j.LocalContainerEntityManagerFactoryBean - Closing JPA EntityManagerFactory for persistence unit 'default'
2023-02-07 18:43:39,184 [SpringApplicationShutdownHook] INFO  com.zaxxer.hikari.HikariDataSource - HikariPool-1 - Shutdown initiated...
2023-02-07 18:43:39,200 [SpringApplicationShutdownHook] INFO  com.zaxxer.hikari.HikariDataSource - HikariPool-1 - Shutdown completed.
